<?xml version="1.0" encoding="UTF-8"?>
<testsuite xmlns:xsi="http://www.w3.org/2001/XMLSchema-instance" xsi:noNamespaceSchemaLocation="https://maven.apache.org/surefire/maven-surefire-plugin/xsd/surefire-test-report.xsd" name="org.itstep.command.NowCommandTest" time="0.001" tests="3" errors="0" skipped="0" failures="0">
  <properties>
[...]
</properties>
  <testcase name="execute" classname="org.itstep.command.NowCommandTest" time="0"/>
  <testcase name="classExists" classname="org.itstep.command.NowCommandTest" time="0"/>
  <testcase name="implementsCommand" classname="org.itstep.command.NowCommandTest" time="0"/>
</testsuite>